<?xml version="1.0" encoding="UTF-8" ?>
<testsuite errors="0" failures="0" hostname="Timmys-MacBook-Air.local" name="FirstPackagesTest" skipped="0" tests="8" time="5.234" timestamp="2019-02-11T21:58:42">
  <properties>
[...]
</properties>
  <testcase classname="FirstPackagesTest" name="textUserInterfacePrints" time="0.088" />
  <testcase classname="FirstPackagesTest" name="anotherApplication" time="0.003" />
  <testcase classname="FirstPackagesTest" name="applicationLogicCallsUserInterface" time="0.017" />
  <testcase classname="FirstPackagesTest" name="hasUserInterface" time="0.0" />
  <testcase classname="FirstPackagesTest" name="noRedundantVariables" time="0.001" />
  <testcase classname="FirstPackagesTest" name="hasTextUserInterface" time="0.0" />
  <testcase classname="FirstPackagesTest" name="hasApplicationLogic" time="0.0" />
  <testcase classname="FirstPackagesTest" name="createApplicationLogicObject" time="0.0" />
  <system-out><![CDATA[]]></system-out>
  <system-err><![CDATA[]]></system-err>
</testsuite>
